Build started 07.12.2018 19:45:20.
     1>Project "C:\Users\Анна\Desktop\lab 1\mp2-lab1-set\ZERO_CHECK.vcxproj" on node 2 (Build target(s)).
     1>CustomBuild:
         Checking Build System
         CMake is re-running because generate.stamp.list is missing.
         -- Building for: Visual Studio 12 2013
         -- The C compiler identification is MSVC 18.0.31101.0
         -- The CXX compiler identification is MSVC 18.0.31101.0
         -- Check for working C compiler: C:/Program Files (x86)/Microsoft Visual Studio 12.0/VC/bin/cl.exe
         -- Check for working C compiler: C:/Program Files (x86)/Microsoft Visual Studio 12.0/VC/bin/cl.exe -- works
         -- Detecting C compiler ABI info
         -- Detecting C compiler ABI info - done
         -- Detecting C compile features
         -- Detecting C compile features - done
         -- Check for working CXX compiler: C:/Program Files (x86)/Microsoft Visual Studio 12.0/VC/bin/cl.exe
         -- Check for working CXX compiler: C:/Program Files (x86)/Microsoft Visual Studio 12.0/VC/bin/cl.exe -- works
         -- Detecting CXX compiler ABI info
         -- Detecting CXX compiler ABI info - done
         -- Detecting CXX compile features
         -- Detecting CXX compile features - done
         -- 
         -- General configuration for set
         -- ======================================
         -- 
         --    Configuration: Release
         -- 
         -- Configuring done
         -- Generating done
         -- Build files have been written to: C:/Users/╨Р╨╜╨╜╨░/Desktop/lab 1/mp2-lab1-set
     1>Done Building Project "C:\Users\Анна\Desktop\lab 1\mp2-lab1-set\ZERO_CHECK.vcxproj" (Build target(s)).

Build succeeded.

Time Elapsed 00:01:19.25
